[17:14:14.535][info] [#0:/home/arch/.local/share/nvim/mason/packages/lua-language-server/libexec/main.lua:68]: Lua Lsp startup, root: 	/home/arch/.local/share/nvim/mason/packages/lua-language-server/libexec
[17:14:14.536][info] [#0:/home/arch/.local/share/nvim/mason/packages/lua-language-server/libexec/main.lua:69]: ROOT:	/home/arch/.local/share/nvim/mason/packages/lua-language-server/libexec
[17:14:14.536][info] [#0:/home/arch/.local/share/nvim/mason/packages/lua-language-server/libexec/main.lua:70]: LOGPATH:	/home/arch/.local/share/nvim/mason/packages/lua-language-server/libexec/log
[17:14:14.536][info] [#0:/home/arch/.local/share/nvim/mason/packages/lua-language-server/libexec/main.lua:71]: METAPATH:	/home/arch/.local/share/nvim/mason/packages/lua-language-server/libexec/meta
[17:14:14.536][info] [#0:/home/arch/.local/share/nvim/mason/packages/lua-language-server/libexec/main.lua:72]: VERSION:	3.9.3
[17:14:14.592][info] [#0:script/proto/proto.lua:234]: Listen Mode: stdio
[17:14:14.592][info] [#0:script/service/service.lua:145]: 
========= Medical Examination Report =========
    --------------- Memory ---------------
        Total: 1.392 MB
        # 00 : 1.392 MB
        # 01 : 0.000 MB
        # 02 : 0.000 MB
        # 03 : 0.000 MB
        # 04 : 0.000 MB
    --------------- Coroutine ---------------
        Total:     0
        Running:   0
        Suspended: 0
        Normal:    0
        Dead:      0
    --------------- Cache ---------------
        Total: 1
        Dead:  0
    ---------------  RPC  ---------------
        Holdon:   0
        Waiting:  0
==============================================
[17:14:14.600][info] [#0:script/client.lua:657]: Client init	{
  capabilities = {
    general = {
      positionEncodings = { "utf-16" }
    },
    textDocument = {
      callHierarchy = {
        dynamicRegistration = false
      },
      codeAction = {
        codeActionLiteralSupport = {
          codeActionKind = {
            valueSet = { "", "quickfix", "refactor", "refactor.extract", "refactor.inline", "refactor.rewrite", "source", "source.organizeImports" }
          }
        },
        dataSupport = true,
        dynamicRegistration = true,
        isPreferredSupport = true,
        resolveSupport = {
          properties = { "edit" }
        }
      },
      completion = {
        completionItem = {
          commitCharactersSupport = true,
          deprecatedSupport = true,
          documentationFormat = { "markdown", "plaintext" },
          insertReplaceSupport = true,
          insertTextModeSupport = {
            valueSet = { 1, 2 }
          },
          labelDetailsSupport = true,
          preselectSupport = true,
          resolveSupport = {
            properties = { "documentation", "detail", "additionalTextEdits", "sortText", "filterText", "insertText", "textEdit", "insertTextFormat", "insertTextMode" }
          },
          snippetSupport = true,
          tagSupport = {
            valueSet = { 1 }
          }
        },
        completionItemKind = {
          valueSet = { 1, 2, 3, 4, 5, 6, 7, 8, 9, 10, 11, 12, 13, 14, 15, 16, 17, 18, 19, 20, 21, 22, 23, 24, 25 }
        },
        completionList = {
          itemDefaults = { "commitCharacters", "editRange", "insertTextFormat", "insertTextMode", "data" }
        },
        contextSupport = true,
        dynamicRegistration = false,
        insertTextMode = 1
      },
      declaration = {
        linkSupport = true
      },
      definition = {
        dynamicRegistration = true,
        linkSupport = true
      },
      diagnostic = {
        dynamicRegistration = false
      },
      documentHighlight = {
        dynamicRegistration = false
      },
      documentSymbol = {
        dynamicRegistration = false,
        hierarchicalDocumentSymbolSupport = true,
        symbolKind = {
          valueSet = { 1, 2, 3, 4, 5, 6, 7, 8, 9, 10, 11, 12, 13, 14, 15, 16, 17, 18, 19, 20, 21, 22, 23, 24, 25, 26 }
        }
      },
      formatting = {
        dynamicRegistration = true
      },
      hover = {
        contentFormat = { "markdown", "plaintext" },
        dynamicRegistration = true
      },
      implementation = {
        linkSupport = true
      },
      inlayHint = {
        dynamicRegistration = true,
        resolveSupport = {
          properties = { "textEdits", "tooltip", "location", "command" }
        }
      },
      publishDiagnostics = {
        dataSupport = true,
        relatedInformation = true,
        tagSupport = {
          valueSet = { 1, 2 }
        }
      },
      rangeFormatting = {
        dynamicRegistration = true
      },
      references = {
        dynamicRegistration = false
      },
      rename = {
        dynamicRegistration = true,
        prepareSupport = true
      },
      semanticTokens = {
        augmentsSyntaxTokens = true,
        dynamicRegistration = false,
        formats = { "relative" },
        multilineTokenSupport = false,
        overlappingTokenSupport = true,
        requests = {
          full = {
            delta = true
          },
          range = false
        },
        serverCancelSupport = false,
        tokenModifiers = { "declaration", "definition", "readonly", "static", "deprecated", "abstract", "async", "modification", "documentation", "defaultLibrary" },
        tokenTypes = { "namespace", "type", "class", "enum", "interface", "struct", "typeParameter", "parameter", "variable", "property", "enumMember", "event", "function", "method", "macro", "keyword", "modifier", "comment", "string", "number", "regexp", "operator", "decorator" }
      },
      signatureHelp = {
        dynamicRegistration = false,
        signatureInformation = {
          activeParameterSupport = true,
          documentationFormat = { "markdown", "plaintext" },
          parameterInformation = {
            labelOffsetSupport = true
          }
        }
      },
      synchronization = {
        didSave = true,
        dynamicRegistration = false,
        willSave = true,
        willSaveWaitUntil = true
      },
      typeDefinition = {
        linkSupport = true
      }
    },
    window = {
      showDocument = {
        support = true
      },
      showMessage = {
        messageActionItem = {
          additionalPropertiesSupport = false
        }
      },
      workDoneProgress = true
    },
    workspace = {
      applyEdit = true,
      configuration = true,
      didChangeConfiguration = {
        dynamicRegistration = false
      },
      didChangeWatchedFiles = {
        dynamicRegistration = false,
        relativePatternSupport = true
      },
      inlayHint = {
        refreshSupport = true
      },
      semanticTokens = {
        refreshSupport = true
      },
      symbol = {
        dynamicRegistration = false,
        symbolKind = {
          valueSet = { 1, 2, 3, 4, 5, 6, 7, 8, 9, 10, 11, 12, 13, 14, 15, 16, 17, 18, 19, 20, 21, 22, 23, 24, 25, 26 }
        }
      },
      workspaceEdit = {
        resourceOperations = { "rename", "create", "delete" }
      },
      workspaceFolders = true
    }
  },
  clientInfo = {
    name = "Neovim",
    version = "0.10.0-dev+v0.10.0"
  },
  initializationOptions = {},
  processId = 16993,
  rootPath = "/home/arch/.config/nvim",
  rootUri = "file:///home/arch/.config/nvim",
  trace = "off",
  workDoneToken = "1",
  workspaceFolders = { {
      name = "/home/arch/.config/nvim",
      uri = "file:///home/arch/.config/nvim"
    } }
}
[17:14:14.600][info] [#0:script/language.lua:137]: VSC language: nil
[17:14:14.600][info] [#0:script/language.lua:138]: LS  language: en-us
[17:14:14.600][info] [#0:script/workspace/workspace.lua:38]: Workspace init root: 	file:///home/arch/.config/nvim
[17:14:14.600][info] [#0:script/workspace/workspace.lua:42]: Log path: 	/home/arch/.local/share/nvim/mason/packages/lua-language-server/libexec/log/file_home_arch_.config_nvim.log
[17:14:14.601][info] [#0:script/workspace/workspace.lua:48]: Workspace create: 	file:///home/arch/.config/nvim
[17:14:14.805][warn] [#0:script/config/loader.lua:116]: No config?	{}
[17:14:14.805][info] [#0:script/provider/provider.lua:53]: Load config from .luarc.json/.luarc.jsonc	file:///home/arch/.config/nvim
[17:14:14.806][info] [#0:script/provider/provider.lua:54]: {
  ["diagnostics.globals"] = { "vim" }
}
[17:14:14.906][warn] [#0:script/config/loader.lua:116]: No config?	{}
[17:14:14.906][info] [#0:script/provider/provider.lua:61]: Load config from client	fallback
[17:14:14.906][info] [#0:script/provider/provider.lua:62]: nil
[17:14:15.029][info] [#0:script/library.lua:212]: Init builtin library at:	file:///home/arch/.config/nvim
[17:14:15.057][info] [#0:script/library.lua:212]: Init builtin library at:	nil
[17:14:15.178][info] [#0:script/workspace/workspace.lua:324]: Preload start:	file:///home/arch/.config/nvim
[17:14:15.190][info] [#0:script/workspace/workspace.lua:330]: Scan files at:	file:///home/arch/.config/nvim
[17:14:15.191][info] [#0:script/workspace/workspace.lua:324]: Preload start:	<fallback>
[17:14:15.195][info] [#0:script/workspace/workspace.lua:353]: Scan library at:	file:///home/arch/.local/share/nvim/mason/packages/lua-language-server/libexec/meta/Lua%205.4%20en-us%20utf8/os.lua
[17:14:15.196][info] [#0:script/workspace/workspace.lua:353]: Scan library at:	file:///home/arch/.local/share/nvim/mason/packages/lua-language-server/libexec/meta/Lua%205.4%20en-us%20utf8/string.lua
[17:14:15.196][info] [#0:script/workspace/workspace.lua:353]: Scan library at:	file:///home/arch/.local/share/nvim/mason/packages/lua-language-server/libexec/meta/Lua%205.4%20en-us%20utf8/math.lua
[17:14:15.196][info] [#0:script/workspace/workspace.lua:353]: Scan library at:	file:///home/arch/.local/share/nvim/mason/packages/lua-language-server/libexec/meta/Lua%205.4%20en-us%20utf8/table.lua
[17:14:15.197][info] [#0:script/workspace/workspace.lua:353]: Scan library at:	file:///home/arch/.local/share/nvim/mason/packages/lua-language-server/libexec/meta/Lua%205.4%20en-us%20utf8/package.lua
[17:14:15.197][info] [#0:script/workspace/workspace.lua:353]: Scan library at:	file:///home/arch/.local/share/nvim/mason/packages/lua-language-server/libexec/meta/Lua%205.4%20en-us%20utf8/io.lua
[17:14:15.198][info] [#0:script/workspace/workspace.lua:353]: Scan library at:	file:///home/arch/.local/share/nvim/mason/packages/lua-language-server/libexec/meta/Lua%205.4%20en-us%20utf8/utf8.lua
[17:14:15.198][info] [#0:script/workspace/workspace.lua:353]: Scan library at:	file:///home/arch/.local/share/nvim/mason/packages/lua-language-server/libexec/meta/Lua%205.4%20en-us%20utf8/basic.lua
[17:14:15.199][info] [#0:script/workspace/workspace.lua:353]: Scan library at:	file:///home/arch/.local/share/nvim/mason/packages/lua-language-server/libexec/meta/Lua%205.4%20en-us%20utf8/coroutine.lua
[17:14:15.199][info] [#0:script/workspace/workspace.lua:353]: Scan library at:	file:///home/arch/.local/share/nvim/mason/packages/lua-language-server/libexec/meta/Lua%205.4%20en-us%20utf8/debug.lua
[17:14:15.200][info] [#0:script/workspace/workspace.lua:353]: Scan library at:	file:///home/arch/.local/share/nvim/mason/packages/lua-language-server/libexec/meta/Lua%205.4%20en-us%20utf8/builtin.lua
[17:14:15.201][info] [#0:script/workspace/workspace.lua:353]: Scan library at:	file:///home/arch/.local/share/nvim/mason/packages/lua-language-server/libexec/meta/Lua%205.4%20en-us%20utf8/os.lua
[17:14:15.202][info] [#0:script/workspace/workspace.lua:353]: Scan library at:	file:///home/arch/.local/share/nvim/mason/packages/lua-language-server/libexec/meta/Lua%205.4%20en-us%20utf8/string.lua
[17:14:15.202][info] [#0:script/workspace/workspace.lua:353]: Scan library at:	file:///home/arch/.local/share/nvim/mason/packages/lua-language-server/libexec/meta/Lua%205.4%20en-us%20utf8/math.lua
[17:14:15.202][info] [#0:script/workspace/workspace.lua:353]: Scan library at:	file:///home/arch/.local/share/nvim/mason/packages/lua-language-server/libexec/meta/Lua%205.4%20en-us%20utf8/table.lua
[17:14:15.202][info] [#0:script/workspace/workspace.lua:353]: Scan library at:	file:///home/arch/.local/share/nvim/mason/packages/lua-language-server/libexec/meta/Lua%205.4%20en-us%20utf8/package.lua
[17:14:15.203][info] [#0:script/workspace/workspace.lua:353]: Scan library at:	file:///home/arch/.local/share/nvim/mason/packages/lua-language-server/libexec/meta/Lua%205.4%20en-us%20utf8/io.lua
[17:14:15.203][info] [#0:script/workspace/workspace.lua:353]: Scan library at:	file:///home/arch/.local/share/nvim/mason/packages/lua-language-server/libexec/meta/Lua%205.4%20en-us%20utf8/utf8.lua
[17:14:15.203][info] [#0:script/workspace/workspace.lua:353]: Scan library at:	file:///home/arch/.local/share/nvim/mason/packages/lua-language-server/libexec/meta/Lua%205.4%20en-us%20utf8/basic.lua
[17:14:15.203][info] [#0:script/workspace/workspace.lua:353]: Scan library at:	file:///home/arch/.local/share/nvim/mason/packages/lua-language-server/libexec/meta/Lua%205.4%20en-us%20utf8/coroutine.lua
[17:14:15.204][info] [#0:script/workspace/workspace.lua:353]: Scan library at:	file:///home/arch/.local/share/nvim/mason/packages/lua-language-server/libexec/meta/Lua%205.4%20en-us%20utf8/debug.lua
[17:14:15.204][info] [#0:script/workspace/workspace.lua:353]: Scan library at:	file:///home/arch/.local/share/nvim/mason/packages/lua-language-server/libexec/meta/Lua%205.4%20en-us%20utf8/builtin.lua
[17:14:15.305][info] [#0:script/workspace/workspace.lua:379]: Found 11 files at:	<fallback>
[17:14:15.305][info] [#0:script/workspace/loading.lua:161]: Load files from disk:	<fallback>
[17:14:15.305][info] [#0:script/workspace/workspace.lua:379]: Found 26 files at:	file:///home/arch/.config/nvim
[17:14:15.305][info] [#0:script/workspace/loading.lua:161]: Load files from disk:	file:///home/arch/.config/nvim
[17:14:15.307][info] [#0:script/workspace/loading.lua:101]: Preload file at: file:///home/arch/.local/share/nvim/mason/packages/lua-language-server/libexec/meta/Lua%205.4%20en-us%20utf8/builtin.lua , size = 0.302 KB
[17:14:15.310][info] [#0:script/workspace/loading.lua:113]: ++++As library of:	file:///home/arch/.local/share/nvim/mason/packages/lua-language-server/libexec/meta/Lua%205.4%20en-us%20utf8/builtin.lua
[17:14:15.310][info] [#0:script/workspace/loading.lua:98]: Skip loaded file: file:///home/arch/.local/share/nvim/mason/packages/lua-language-server/libexec/meta/Lua%205.4%20en-us%20utf8/builtin.lua
[17:14:15.310][info] [#0:script/workspace/loading.lua:101]: Preload file at: file:///home/arch/.local/share/nvim/mason/packages/lua-language-server/libexec/meta/Lua%205.4%20en-us%20utf8/debug.lua , size = 7.637 KB
[17:14:15.326][info] [#0:script/workspace/loading.lua:113]: ++++As library of:	file:///home/arch/.local/share/nvim/mason/packages/lua-language-server/libexec/meta/Lua%205.4%20en-us%20utf8/debug.lua
[17:14:15.326][info] [#0:script/workspace/loading.lua:98]: Skip loaded file: file:///home/arch/.local/share/nvim/mason/packages/lua-language-server/libexec/meta/Lua%205.4%20en-us%20utf8/debug.lua
[17:14:15.327][info] [#0:script/workspace/loading.lua:101]: Preload file at: file:///home/arch/.local/share/nvim/mason/packages/lua-language-server/libexec/meta/Lua%205.4%20en-us%20utf8/coroutine.lua , size = 2.590 KB
[17:14:15.330][info] [#0:script/workspace/loading.lua:113]: ++++As library of:	file:///home/arch/.local/share/nvim/mason/packages/lua-language-server/libexec/meta/Lua%205.4%20en-us%20utf8/coroutine.lua
[17:14:15.330][info] [#0:script/workspace/loading.lua:98]: Skip loaded file: file:///home/arch/.local/share/nvim/mason/packages/lua-language-server/libexec/meta/Lua%205.4%20en-us%20utf8/coroutine.lua
[17:14:15.330][info] [#0:script/workspace/loading.lua:101]: Preload file at: file:///home/arch/.local/share/nvim/mason/packages/lua-language-server/libexec/meta/Lua%205.4%20en-us%20utf8/basic.lua , size = 15.619 KB
[17:14:15.347][info] [#0:script/workspace/loading.lua:113]: ++++As library of:	file:///home/arch/.local/share/nvim/mason/packages/lua-language-server/libexec/meta/Lua%205.4%20en-us%20utf8/basic.lua
[17:14:15.347][info] [#0:script/workspace/loading.lua:101]: Preload file at: file:///home/arch/.local/share/nvim/mason/packages/lua-language-server/libexec/meta/Lua%205.4%20en-us%20utf8/utf8.lua , size = 2.386 KB
[17:14:15.354][info] [#0:script/workspace/loading.lua:113]: ++++As library of:	file:///home/arch/.local/share/nvim/mason/packages/lua-language-server/libexec/meta/Lua%205.4%20en-us%20utf8/utf8.lua
[17:14:15.354][info] [#0:script/workspace/loading.lua:98]: Skip loaded file: file:///home/arch/.local/share/nvim/mason/packages/lua-language-server/libexec/meta/Lua%205.4%20en-us%20utf8/utf8.lua
[17:14:15.354][info] [#0:script/workspace/loading.lua:98]: Skip loaded file: file:///home/arch/.local/share/nvim/mason/packages/lua-language-server/libexec/meta/Lua%205.4%20en-us%20utf8/basic.lua
[17:14:15.354][info] [#0:script/workspace/loading.lua:101]: Preload file at: file:///home/arch/.local/share/nvim/mason/packages/lua-language-server/libexec/meta/Lua%205.4%20en-us%20utf8/io.lua , size = 6.364 KB
[17:14:15.362][info] [#0:script/workspace/loading.lua:113]: ++++As library of:	file:///home/arch/.local/share/nvim/mason/packages/lua-language-server/libexec/meta/Lua%205.4%20en-us%20utf8/io.lua
[17:14:15.362][info] [#0:script/workspace/loading.lua:98]: Skip loaded file: file:///home/arch/.local/share/nvim/mason/packages/lua-language-server/libexec/meta/Lua%205.4%20en-us%20utf8/io.lua
[17:14:15.362][info] [#0:script/workspace/loading.lua:101]: Preload file at: file:///home/arch/.local/share/nvim/mason/packages/lua-language-server/libexec/meta/Lua%205.4%20en-us%20utf8/package.lua , size = 2.944 KB
[17:14:15.366][info] [#0:script/workspace/loading.lua:113]: ++++As library of:	file:///home/arch/.local/share/nvim/mason/packages/lua-language-server/libexec/meta/Lua%205.4%20en-us%20utf8/package.lua
[17:14:15.366][info] [#0:script/workspace/loading.lua:101]: Preload file at: file:///home/arch/.local/share/nvim/mason/packages/lua-language-server/libexec/meta/Lua%205.4%20en-us%20utf8/table.lua , size = 4.235 KB
[17:14:15.371][info] [#0:script/workspace/loading.lua:113]: ++++As library of:	file:///home/arch/.local/share/nvim/mason/packages/lua-language-server/libexec/meta/Lua%205.4%20en-us%20utf8/table.lua
[17:14:15.371][info] [#0:script/workspace/loading.lua:98]: Skip loaded file: file:///home/arch/.local/share/nvim/mason/packages/lua-language-server/libexec/meta/Lua%205.4%20en-us%20utf8/package.lua
[17:14:15.372][info] [#0:script/workspace/loading.lua:98]: Skip loaded file: file:///home/arch/.local/share/nvim/mason/packages/lua-language-server/libexec/meta/Lua%205.4%20en-us%20utf8/table.lua
[17:14:15.372][info] [#0:script/workspace/loading.lua:101]: Preload file at: file:///home/arch/.local/share/nvim/mason/packages/lua-language-server/libexec/meta/Lua%205.4%20en-us%20utf8/math.lua , size = 8.509 KB
[17:14:15.383][info] [#0:script/workspace/loading.lua:113]: ++++As library of:	file:///home/arch/.local/share/nvim/mason/packages/lua-language-server/libexec/meta/Lua%205.4%20en-us%20utf8/math.lua
[17:14:15.383][info] [#0:script/workspace/loading.lua:98]: Skip loaded file: file:///home/arch/.local/share/nvim/mason/packages/lua-language-server/libexec/meta/Lua%205.4%20en-us%20utf8/math.lua
[17:14:15.383][info] [#0:script/workspace/loading.lua:101]: Preload file at: file:///home/arch/.local/share/nvim/mason/packages/lua-language-server/libexec/meta/Lua%205.4%20en-us%20utf8/string.lua , size = 6.341 KB
[17:14:15.397][info] [#0:script/workspace/loading.lua:113]: ++++As library of:	file:///home/arch/.local/share/nvim/mason/packages/lua-language-server/libexec/meta/Lua%205.4%20en-us%20utf8/string.lua
[17:14:15.397][info] [#0:script/workspace/loading.lua:89]: Skip loaded file: file:///home/arch/.local/share/nvim/mason/packages/lua-language-server/libexec/meta/Lua%205.4%20en-us%20utf8/string.lua
[17:14:15.397][info] [#0:script/workspace/loading.lua:113]: ++++As library of:	file:///home/arch/.local/share/nvim/mason/packages/lua-language-server/libexec/meta/Lua%205.4%20en-us%20utf8/string.lua
[17:14:15.397][info] [#0:script/workspace/loading.lua:101]: Preload file at: file:///home/arch/.local/share/nvim/mason/packages/lua-language-server/libexec/meta/Lua%205.4%20en-us%20utf8/os.lua , size = 5.600 KB
[17:14:15.404][info] [#0:script/workspace/loading.lua:113]: ++++As library of:	file:///home/arch/.local/share/nvim/mason/packages/lua-language-server/libexec/meta/Lua%205.4%20en-us%20utf8/os.lua
[17:14:15.404][info] [#0:script/workspace/loading.lua:101]: Preload file at: file:///home/arch/.config/nvim/init.lua , size = 0.702 KB
[17:14:15.406][info] [#0:script/workspace/loading.lua:98]: Skip loaded file: file:///home/arch/.local/share/nvim/mason/packages/lua-language-server/libexec/meta/Lua%205.4%20en-us%20utf8/os.lua
[17:14:15.406][info] [#0:script/workspace/loading.lua:101]: Preload file at: file:///home/arch/.config/nvim/lua/config/autocmds.lua , size = 0.193 KB
[17:14:15.407][info] [#0:script/workspace/loading.lua:101]: Preload file at: file:///home/arch/.config/nvim/lua/config/options.lua , size = 3.491 KB
[17:14:15.409][info] [#0:script/workspace/loading.lua:101]: Preload file at: file:///home/arch/.config/nvim/lua/config/jdtls.lua , size = 13.207 KB
[17:14:15.418][info] [#0:script/workspace/loading.lua:89]: Skip loaded file: file:///home/arch/.config/nvim/lua/config/keymaps.lua
[17:14:15.418][info] [#0:script/workspace/loading.lua:101]: Preload file at: file:///home/arch/.config/nvim/lua/plugins/nvim-tree.lua , size = 0.287 KB
[17:14:15.419][info] [#0:script/workspace/loading.lua:101]: Preload file at: file:///home/arch/.config/nvim/lua/plugins/none-ls.lua , size = 0.764 KB
[17:14:15.420][info] [#0:script/workspace/loading.lua:101]: Preload file at: file:///home/arch/.config/nvim/lua/plugins/telescope.lua , size = 2.857 KB
[17:14:15.423][info] [#0:script/workspace/loading.lua:101]: Preload file at: file:///home/arch/.config/nvim/lua/plugins/nvim-dap.lua , size = 1.239 KB
[17:14:15.425][info] [#0:script/workspace/loading.lua:101]: Preload file at: file:///home/arch/.config/nvim/lua/plugins/treesitter.lua , size = 1.292 KB
[17:14:15.427][info] [#0:script/workspace/loading.lua:101]: Preload file at: file:///home/arch/.config/nvim/lua/plugins/colorscheme.lua , size = 0.169 KB
[17:14:15.428][info] [#0:script/workspace/loading.lua:101]: Preload file at: file:///home/arch/.config/nvim/lua/plugins/lsp-config.lua , size = 3.458 KB
[17:14:15.431][info] [#0:script/workspace/loading.lua:101]: Preload file at: file:///home/arch/.config/nvim/lua/plugins/autopairs.lua , size = 0.819 KB
[17:14:15.432][info] [#0:script/workspace/loading.lua:101]: Preload file at: file:///home/arch/.config/nvim/lua/plugins/cmp.lua , size = 3.231 KB
[17:14:15.435][info] [#0:script/workspace/loading.lua:101]: Preload file at: file:///home/arch/.config/nvim/lua/plugins/springboot-nvim.lua , size = 1.219 KB
[17:14:15.436][info] [#0:script/workspace/loading.lua:173]: Loaded files takes [0.135] sec: file:///home/arch/.config/nvim
[17:14:15.436][info] [#0:script/workspace/loading.lua:182]: Compile files takes [0.000] sec: file:///home/arch/.config/nvim
[17:14:15.436][info] [#0:script/workspace/loading.lua:183]: Loaded finish:	file:///home/arch/.config/nvim
[17:14:15.436][info] [#0:script/workspace/workspace.lua:381]: Preload finish at:	file:///home/arch/.config/nvim
[17:14:15.587][info] [#0:script/workspace/loading.lua:173]: Loaded files takes [0.185] sec: <fallback>
[17:14:15.587][info] [#0:script/workspace/loading.lua:182]: Compile files takes [0.000] sec: <fallback>
[17:14:15.587][info] [#0:script/workspace/loading.lua:183]: Loaded finish:	<fallback>
[17:14:15.587][info] [#0:script/workspace/workspace.lua:381]: Preload finish at:	<fallback>
[17:14:16.501][info] [#0:script/provider/diagnostic.lua:560]: Diagnostics scope [file:///home/arch/.config/nvim], files count:[26]
[17:14:18.436][info] [#0:script/provider/provider.lua:169]: Server shutdown.
[17:14:18.437][warn] [#0:script/pub/report.lua:25]: Load proto error:	Disconnected!
