[20:10:27.700][info] [#0:/home/arch/.local/share/nvim/mason/packages/lua-language-server/libexec/main.lua:68]: Lua Lsp startup, root: 	/home/arch/.local/share/nvim/mason/packages/lua-language-server/libexec
[20:10:27.700][info] [#0:/home/arch/.local/share/nvim/mason/packages/lua-language-server/libexec/main.lua:69]: ROOT:	/home/arch/.local/share/nvim/mason/packages/lua-language-server/libexec
[20:10:27.700][info] [#0:/home/arch/.local/share/nvim/mason/packages/lua-language-server/libexec/main.lua:70]: LOGPATH:	/home/arch/.local/share/nvim/mason/packages/lua-language-server/libexec/log
[20:10:27.700][info] [#0:/home/arch/.local/share/nvim/mason/packages/lua-language-server/libexec/main.lua:71]: METAPATH:	/home/arch/.local/share/nvim/mason/packages/lua-language-server/libexec/meta
[20:10:27.701][info] [#0:/home/arch/.local/share/nvim/mason/packages/lua-language-server/libexec/main.lua:72]: VERSION:	3.9.3
[20:10:27.737][info] [#0:script/proto/proto.lua:234]: Listen Mode: stdio
[20:10:27.737][info] [#0:script/service/service.lua:145]: 
========= Medical Examination Report =========
    --------------- Memory ---------------
        Total: 1.392 MB
        # 00 : 1.392 MB
        # 01 : 0.000 MB
        # 02 : 0.000 MB
        # 03 : 0.000 MB
        # 04 : 0.000 MB
    --------------- Coroutine ---------------
        Total:     0
        Running:   0
        Suspended: 0
        Normal:    0
        Dead:      0
    --------------- Cache ---------------
        Total: 1
        Dead:  0
    ---------------  RPC  ---------------
        Holdon:   0
        Waiting:  0
==============================================
[20:10:27.744][info] [#0:script/client.lua:657]: Client init	{
  capabilities = {
    general = {
      positionEncodings = { "utf-16" }
    },
    textDocument = {
      callHierarchy = {
        dynamicRegistration = false
      },
      codeAction = {
        codeActionLiteralSupport = {
          codeActionKind = {
            valueSet = { "", "quickfix", "refactor", "refactor.extract", "refactor.inline", "refactor.rewrite", "source", "source.organizeImports" }
          }
        },
        dataSupport = true,
        dynamicRegistration = true,
        isPreferredSupport = true,
        resolveSupport = {
          properties = { "edit" }
        }
      },
      completion = {
        completionItem = {
          commitCharactersSupport = true,
          deprecatedSupport = true,
          documentationFormat = { "markdown", "plaintext" },
          insertReplaceSupport = true,
          insertTextModeSupport = {
            valueSet = { 1, 2 }
          },
          labelDetailsSupport = true,
          preselectSupport = true,
          resolveSupport = {
            properties = { "documentation", "detail", "additionalTextEdits", "sortText", "filterText", "insertText", "textEdit", "insertTextFormat", "insertTextMode" }
          },
          snippetSupport = true,
          tagSupport = {
            valueSet = { 1 }
          }
        },
        completionItemKind = {
          valueSet = { 1, 2, 3, 4, 5, 6, 7, 8, 9, 10, 11, 12, 13, 14, 15, 16, 17, 18, 19, 20, 21, 22, 23, 24, 25 }
        },
        completionList = {
          itemDefaults = { "commitCharacters", "editRange", "insertTextFormat", "insertTextMode", "data" }
        },
        contextSupport = true,
        dynamicRegistration = false,
        insertTextMode = 1
      },
      declaration = {
        linkSupport = true
      },
      definition = {
        dynamicRegistration = true,
        linkSupport = true
      },
      diagnostic = {
        dynamicRegistration = false
      },
      documentHighlight = {
        dynamicRegistration = false
      },
      documentSymbol = {
        dynamicRegistration = false,
        hierarchicalDocumentSymbolSupport = true,
        symbolKind = {
          valueSet = { 1, 2, 3, 4, 5, 6, 7, 8, 9, 10, 11, 12, 13, 14, 15, 16, 17, 18, 19, 20, 21, 22, 23, 24, 25, 26 }
        }
      },
      formatting = {
        dynamicRegistration = true
      },
      hover = {
        contentFormat = { "markdown", "plaintext" },
        dynamicRegistration = true
      },
      implementation = {
        linkSupport = true
      },
      inlayHint = {
        dynamicRegistration = true,
        resolveSupport = {
          properties = { "textEdits", "tooltip", "location", "command" }
        }
      },
      publishDiagnostics = {
        dataSupport = true,
        relatedInformation = true,
        tagSupport = {
          valueSet = { 1, 2 }
        }
      },
      rangeFormatting = {
        dynamicRegistration = true
      },
      references = {
        dynamicRegistration = false
      },
      rename = {
        dynamicRegistration = true,
        prepareSupport = true
      },
      semanticTokens = {
        augmentsSyntaxTokens = true,
        dynamicRegistration = false,
        formats = { "relative" },
        multilineTokenSupport = false,
        overlappingTokenSupport = true,
        requests = {
          full = {
            delta = true
          },
          range = false
        },
        serverCancelSupport = false,
        tokenModifiers = { "declaration", "definition", "readonly", "static", "deprecated", "abstract", "async", "modification", "documentation", "defaultLibrary" },
        tokenTypes = { "namespace", "type", "class", "enum", "interface", "struct", "typeParameter", "parameter", "variable", "property", "enumMember", "event", "function", "method", "macro", "keyword", "modifier", "comment", "string", "number", "regexp", "operator", "decorator" }
      },
      signatureHelp = {
        dynamicRegistration = false,
        signatureInformation = {
          activeParameterSupport = true,
          documentationFormat = { "markdown", "plaintext" },
          parameterInformation = {
            labelOffsetSupport = true
          }
        }
      },
      synchronization = {
        didSave = true,
        dynamicRegistration = false,
        willSave = true,
        willSaveWaitUntil = true
      },
      typeDefinition = {
        linkSupport = true
      }
    },
    window = {
      showDocument = {
        support = true
      },
      showMessage = {
        messageActionItem = {
          additionalPropertiesSupport = false
        }
      },
      workDoneProgress = true
    },
    workspace = {
      applyEdit = true,
      configuration = true,
      didChangeConfiguration = {
        dynamicRegistration = false
      },
      didChangeWatchedFiles = {
        dynamicRegistration = false,
        relativePatternSupport = true
      },
      inlayHint = {
        refreshSupport = true
      },
      semanticTokens = {
        refreshSupport = true
      },
      symbol = {
        dynamicRegistration = false,
        symbolKind = {
          valueSet = { 1, 2, 3, 4, 5, 6, 7, 8, 9, 10, 11, 12, 13, 14, 15, 16, 17, 18, 19, 20, 21, 22, 23, 24, 25, 26 }
        }
      },
      workspaceEdit = {
        resourceOperations = { "rename", "create", "delete" }
      },
      workspaceFolders = true
    }
  },
  clientInfo = {
    name = "Neovim",
    version = "0.10.0-dev+v0.10.0"
  },
  initializationOptions = {},
  processId = 13071,
  rootPath = "/home/arch/.config/nvim-java",
  rootUri = "file:///home/arch/.config/nvim-java",
  trace = "off",
  workDoneToken = "1",
  workspaceFolders = { {
      name = "/home/arch/.config/nvim-java",
      uri = "file:///home/arch/.config/nvim-java"
    } }
}
[20:10:27.745][info] [#0:script/language.lua:137]: VSC language: nil
[20:10:27.745][info] [#0:script/language.lua:138]: LS  language: en-us
[20:10:27.745][info] [#0:script/workspace/workspace.lua:38]: Workspace init root: 	file:///home/arch/.config/nvim-java
[20:10:27.745][info] [#0:script/workspace/workspace.lua:42]: Log path: 	/home/arch/.local/share/nvim/mason/packages/lua-language-server/libexec/log/file_home_arch_.config_nvim-java.log
[20:10:27.745][info] [#0:script/workspace/workspace.lua:48]: Workspace create: 	file:///home/arch/.config/nvim-java
[20:10:27.948][warn] [#0:script/config/loader.lua:116]: No config?	{}
[20:10:28.049][warn] [#0:script/config/loader.lua:116]: No config?	{}
[20:10:28.049][info] [#0:script/provider/provider.lua:61]: Load config from client	fallback
[20:10:28.050][info] [#0:script/provider/provider.lua:62]: nil
[20:10:28.163][info] [#0:script/library.lua:212]: Init builtin library at:	file:///home/arch/.config/nvim-java
[20:10:28.181][info] [#0:script/library.lua:212]: Init builtin library at:	nil
[20:10:28.289][info] [#0:script/workspace/workspace.lua:324]: Preload start:	file:///home/arch/.config/nvim-java
[20:10:28.295][info] [#0:script/workspace/workspace.lua:330]: Scan files at:	file:///home/arch/.config/nvim-java
[20:10:28.299][info] [#0:script/workspace/workspace.lua:324]: Preload start:	<fallback>
[20:10:28.301][info] [#0:script/workspace/workspace.lua:353]: Scan library at:	file:///home/arch/.local/share/nvim/mason/packages/lua-language-server/libexec/meta/Lua%205.4%20en-us%20utf8/os.lua
[20:10:28.301][info] [#0:script/workspace/workspace.lua:353]: Scan library at:	file:///home/arch/.local/share/nvim/mason/packages/lua-language-server/libexec/meta/Lua%205.4%20en-us%20utf8/string.lua
[20:10:28.302][info] [#0:script/workspace/workspace.lua:353]: Scan library at:	file:///home/arch/.local/share/nvim/mason/packages/lua-language-server/libexec/meta/Lua%205.4%20en-us%20utf8/math.lua
[20:10:28.302][info] [#0:script/workspace/workspace.lua:353]: Scan library at:	file:///home/arch/.local/share/nvim/mason/packages/lua-language-server/libexec/meta/Lua%205.4%20en-us%20utf8/table.lua
[20:10:28.302][info] [#0:script/workspace/workspace.lua:353]: Scan library at:	file:///home/arch/.local/share/nvim/mason/packages/lua-language-server/libexec/meta/Lua%205.4%20en-us%20utf8/package.lua
[20:10:28.302][info] [#0:script/workspace/workspace.lua:353]: Scan library at:	file:///home/arch/.local/share/nvim/mason/packages/lua-language-server/libexec/meta/Lua%205.4%20en-us%20utf8/io.lua
[20:10:28.303][info] [#0:script/workspace/workspace.lua:353]: Scan library at:	file:///home/arch/.local/share/nvim/mason/packages/lua-language-server/libexec/meta/Lua%205.4%20en-us%20utf8/utf8.lua
[20:10:28.303][info] [#0:script/workspace/workspace.lua:353]: Scan library at:	file:///home/arch/.local/share/nvim/mason/packages/lua-language-server/libexec/meta/Lua%205.4%20en-us%20utf8/basic.lua
[20:10:28.303][info] [#0:script/workspace/workspace.lua:353]: Scan library at:	file:///home/arch/.local/share/nvim/mason/packages/lua-language-server/libexec/meta/Lua%205.4%20en-us%20utf8/coroutine.lua
[20:10:28.303][info] [#0:script/workspace/workspace.lua:353]: Scan library at:	file:///home/arch/.local/share/nvim/mason/packages/lua-language-server/libexec/meta/Lua%205.4%20en-us%20utf8/debug.lua
[20:10:28.304][info] [#0:script/workspace/workspace.lua:353]: Scan library at:	file:///home/arch/.local/share/nvim/mason/packages/lua-language-server/libexec/meta/Lua%205.4%20en-us%20utf8/builtin.lua
[20:10:28.304][info] [#0:script/workspace/workspace.lua:353]: Scan library at:	file:///home/arch/.local/share/nvim/mason/packages/lua-language-server/libexec/meta/Lua%205.4%20en-us%20utf8/os.lua
[20:10:28.305][info] [#0:script/workspace/workspace.lua:353]: Scan library at:	file:///home/arch/.local/share/nvim/mason/packages/lua-language-server/libexec/meta/Lua%205.4%20en-us%20utf8/string.lua
[20:10:28.305][info] [#0:script/workspace/workspace.lua:353]: Scan library at:	file:///home/arch/.local/share/nvim/mason/packages/lua-language-server/libexec/meta/Lua%205.4%20en-us%20utf8/math.lua
[20:10:28.305][info] [#0:script/workspace/workspace.lua:353]: Scan library at:	file:///home/arch/.local/share/nvim/mason/packages/lua-language-server/libexec/meta/Lua%205.4%20en-us%20utf8/table.lua
[20:10:28.305][info] [#0:script/workspace/workspace.lua:353]: Scan library at:	file:///home/arch/.local/share/nvim/mason/packages/lua-language-server/libexec/meta/Lua%205.4%20en-us%20utf8/package.lua
[20:10:28.305][info] [#0:script/workspace/workspace.lua:353]: Scan library at:	file:///home/arch/.local/share/nvim/mason/packages/lua-language-server/libexec/meta/Lua%205.4%20en-us%20utf8/io.lua
[20:10:28.305][info] [#0:script/workspace/workspace.lua:353]: Scan library at:	file:///home/arch/.local/share/nvim/mason/packages/lua-language-server/libexec/meta/Lua%205.4%20en-us%20utf8/utf8.lua
[20:10:28.306][info] [#0:script/workspace/workspace.lua:353]: Scan library at:	file:///home/arch/.local/share/nvim/mason/packages/lua-language-server/libexec/meta/Lua%205.4%20en-us%20utf8/basic.lua
[20:10:28.306][info] [#0:script/workspace/workspace.lua:353]: Scan library at:	file:///home/arch/.local/share/nvim/mason/packages/lua-language-server/libexec/meta/Lua%205.4%20en-us%20utf8/coroutine.lua
[20:10:28.306][info] [#0:script/workspace/workspace.lua:353]: Scan library at:	file:///home/arch/.local/share/nvim/mason/packages/lua-language-server/libexec/meta/Lua%205.4%20en-us%20utf8/debug.lua
[20:10:28.306][info] [#0:script/workspace/workspace.lua:353]: Scan library at:	file:///home/arch/.local/share/nvim/mason/packages/lua-language-server/libexec/meta/Lua%205.4%20en-us%20utf8/builtin.lua
[20:10:28.407][info] [#0:script/workspace/workspace.lua:379]: Found 11 files at:	<fallback>
[20:10:28.407][info] [#0:script/workspace/loading.lua:161]: Load files from disk:	<fallback>
[20:10:28.407][info] [#0:script/workspace/workspace.lua:379]: Found 20 files at:	file:///home/arch/.config/nvim-java
[20:10:28.407][info] [#0:script/workspace/loading.lua:161]: Load files from disk:	file:///home/arch/.config/nvim-java
[20:10:28.409][info] [#0:script/workspace/loading.lua:101]: Preload file at: file:///home/arch/.local/share/nvim/mason/packages/lua-language-server/libexec/meta/Lua%205.4%20en-us%20utf8/builtin.lua , size = 0.302 KB
[20:10:28.410][info] [#0:script/workspace/loading.lua:113]: ++++As library of:	file:///home/arch/.local/share/nvim/mason/packages/lua-language-server/libexec/meta/Lua%205.4%20en-us%20utf8/builtin.lua
[20:10:28.410][info] [#0:script/workspace/loading.lua:98]: Skip loaded file: file:///home/arch/.local/share/nvim/mason/packages/lua-language-server/libexec/meta/Lua%205.4%20en-us%20utf8/builtin.lua
[20:10:28.410][info] [#0:script/workspace/loading.lua:101]: Preload file at: file:///home/arch/.local/share/nvim/mason/packages/lua-language-server/libexec/meta/Lua%205.4%20en-us%20utf8/debug.lua , size = 7.637 KB
[20:10:28.414][info] [#0:script/workspace/loading.lua:113]: ++++As library of:	file:///home/arch/.local/share/nvim/mason/packages/lua-language-server/libexec/meta/Lua%205.4%20en-us%20utf8/debug.lua
[20:10:28.414][info] [#0:script/workspace/loading.lua:98]: Skip loaded file: file:///home/arch/.local/share/nvim/mason/packages/lua-language-server/libexec/meta/Lua%205.4%20en-us%20utf8/debug.lua
[20:10:28.414][info] [#0:script/workspace/loading.lua:101]: Preload file at: file:///home/arch/.local/share/nvim/mason/packages/lua-language-server/libexec/meta/Lua%205.4%20en-us%20utf8/coroutine.lua , size = 2.590 KB
[20:10:28.417][info] [#0:script/workspace/loading.lua:113]: ++++As library of:	file:///home/arch/.local/share/nvim/mason/packages/lua-language-server/libexec/meta/Lua%205.4%20en-us%20utf8/coroutine.lua
[20:10:28.417][info] [#0:script/workspace/loading.lua:98]: Skip loaded file: file:///home/arch/.local/share/nvim/mason/packages/lua-language-server/libexec/meta/Lua%205.4%20en-us%20utf8/coroutine.lua
[20:10:28.417][info] [#0:script/workspace/loading.lua:101]: Preload file at: file:///home/arch/.local/share/nvim/mason/packages/lua-language-server/libexec/meta/Lua%205.4%20en-us%20utf8/basic.lua , size = 15.619 KB
[20:10:28.422][info] [#0:script/workspace/loading.lua:113]: ++++As library of:	file:///home/arch/.local/share/nvim/mason/packages/lua-language-server/libexec/meta/Lua%205.4%20en-us%20utf8/basic.lua
[20:10:28.422][info] [#0:script/workspace/loading.lua:98]: Skip loaded file: file:///home/arch/.local/share/nvim/mason/packages/lua-language-server/libexec/meta/Lua%205.4%20en-us%20utf8/basic.lua
[20:10:28.423][info] [#0:script/workspace/loading.lua:101]: Preload file at: file:///home/arch/.local/share/nvim/mason/packages/lua-language-server/libexec/meta/Lua%205.4%20en-us%20utf8/utf8.lua , size = 2.386 KB
[20:10:28.424][info] [#0:script/workspace/loading.lua:113]: ++++As library of:	file:///home/arch/.local/share/nvim/mason/packages/lua-language-server/libexec/meta/Lua%205.4%20en-us%20utf8/utf8.lua
[20:10:28.424][info] [#0:script/workspace/loading.lua:98]: Skip loaded file: file:///home/arch/.local/share/nvim/mason/packages/lua-language-server/libexec/meta/Lua%205.4%20en-us%20utf8/utf8.lua
[20:10:28.424][info] [#0:script/workspace/loading.lua:101]: Preload file at: file:///home/arch/.local/share/nvim/mason/packages/lua-language-server/libexec/meta/Lua%205.4%20en-us%20utf8/io.lua , size = 6.364 KB
[20:10:28.427][info] [#0:script/workspace/loading.lua:113]: ++++As library of:	file:///home/arch/.local/share/nvim/mason/packages/lua-language-server/libexec/meta/Lua%205.4%20en-us%20utf8/io.lua
[20:10:28.427][info] [#0:script/workspace/loading.lua:98]: Skip loaded file: file:///home/arch/.local/share/nvim/mason/packages/lua-language-server/libexec/meta/Lua%205.4%20en-us%20utf8/io.lua
[20:10:28.427][info] [#0:script/workspace/loading.lua:101]: Preload file at: file:///home/arch/.local/share/nvim/mason/packages/lua-language-server/libexec/meta/Lua%205.4%20en-us%20utf8/package.lua , size = 2.944 KB
[20:10:28.428][info] [#0:script/workspace/loading.lua:113]: ++++As library of:	file:///home/arch/.local/share/nvim/mason/packages/lua-language-server/libexec/meta/Lua%205.4%20en-us%20utf8/package.lua
[20:10:28.428][info] [#0:script/workspace/loading.lua:89]: Skip loaded file: file:///home/arch/.local/share/nvim/mason/packages/lua-language-server/libexec/meta/Lua%205.4%20en-us%20utf8/package.lua
[20:10:28.428][info] [#0:script/workspace/loading.lua:113]: ++++As library of:	file:///home/arch/.local/share/nvim/mason/packages/lua-language-server/libexec/meta/Lua%205.4%20en-us%20utf8/package.lua
[20:10:28.428][info] [#0:script/workspace/loading.lua:101]: Preload file at: file:///home/arch/.local/share/nvim/mason/packages/lua-language-server/libexec/meta/Lua%205.4%20en-us%20utf8/table.lua , size = 4.235 KB
[20:10:28.430][info] [#0:script/workspace/loading.lua:113]: ++++As library of:	file:///home/arch/.local/share/nvim/mason/packages/lua-language-server/libexec/meta/Lua%205.4%20en-us%20utf8/table.lua
[20:10:28.430][info] [#0:script/workspace/loading.lua:98]: Skip loaded file: file:///home/arch/.local/share/nvim/mason/packages/lua-language-server/libexec/meta/Lua%205.4%20en-us%20utf8/table.lua
[20:10:28.430][info] [#0:script/workspace/loading.lua:101]: Preload file at: file:///home/arch/.local/share/nvim/mason/packages/lua-language-server/libexec/meta/Lua%205.4%20en-us%20utf8/math.lua , size = 8.509 KB
[20:10:28.434][info] [#0:script/workspace/loading.lua:113]: ++++As library of:	file:///home/arch/.local/share/nvim/mason/packages/lua-language-server/libexec/meta/Lua%205.4%20en-us%20utf8/math.lua
[20:10:28.434][info] [#0:script/workspace/loading.lua:98]: Skip loaded file: file:///home/arch/.local/share/nvim/mason/packages/lua-language-server/libexec/meta/Lua%205.4%20en-us%20utf8/math.lua
[20:10:28.434][info] [#0:script/workspace/loading.lua:101]: Preload file at: file:///home/arch/.local/share/nvim/mason/packages/lua-language-server/libexec/meta/Lua%205.4%20en-us%20utf8/string.lua , size = 6.341 KB
[20:10:28.438][info] [#0:script/workspace/loading.lua:113]: ++++As library of:	file:///home/arch/.local/share/nvim/mason/packages/lua-language-server/libexec/meta/Lua%205.4%20en-us%20utf8/string.lua
[20:10:28.438][info] [#0:script/workspace/loading.lua:89]: Skip loaded file: file:///home/arch/.local/share/nvim/mason/packages/lua-language-server/libexec/meta/Lua%205.4%20en-us%20utf8/string.lua
[20:10:28.438][info] [#0:script/workspace/loading.lua:113]: ++++As library of:	file:///home/arch/.local/share/nvim/mason/packages/lua-language-server/libexec/meta/Lua%205.4%20en-us%20utf8/string.lua
[20:10:28.438][info] [#0:script/workspace/loading.lua:101]: Preload file at: file:///home/arch/.local/share/nvim/mason/packages/lua-language-server/libexec/meta/Lua%205.4%20en-us%20utf8/os.lua , size = 5.600 KB
[20:10:28.440][info] [#0:script/workspace/loading.lua:113]: ++++As library of:	file:///home/arch/.local/share/nvim/mason/packages/lua-language-server/libexec/meta/Lua%205.4%20en-us%20utf8/os.lua
[20:10:28.440][info] [#0:script/workspace/loading.lua:89]: Skip loaded file: file:///home/arch/.local/share/nvim/mason/packages/lua-language-server/libexec/meta/Lua%205.4%20en-us%20utf8/os.lua
[20:10:28.440][info] [#0:script/workspace/loading.lua:113]: ++++As library of:	file:///home/arch/.local/share/nvim/mason/packages/lua-language-server/libexec/meta/Lua%205.4%20en-us%20utf8/os.lua
[20:10:28.441][info] [#0:script/workspace/loading.lua:173]: Loaded files takes [0.036] sec: <fallback>
[20:10:28.441][info] [#0:script/workspace/loading.lua:182]: Compile files takes [0.000] sec: <fallback>
[20:10:28.441][info] [#0:script/workspace/loading.lua:183]: Loaded finish:	<fallback>
[20:10:28.441][info] [#0:script/workspace/workspace.lua:381]: Preload finish at:	<fallback>
[20:10:28.442][info] [#0:script/workspace/loading.lua:89]: Skip loaded file: file:///home/arch/.config/nvim-java/init.lua
[20:10:28.544][info] [#0:script/workspace/loading.lua:101]: Preload file at: file:///home/arch/.config/nvim-java/lua/kickstart/health.lua , size = 1.578 KB
[20:10:28.546][info] [#0:script/workspace/loading.lua:101]: Preload file at: file:///home/arch/.config/nvim-java/lua/kickstart/plugins/gitsigns.lua , size = 2.391 KB
[20:10:28.547][info] [#0:script/workspace/loading.lua:101]: Preload file at: file:///home/arch/.config/nvim-java/lua/kickstart/plugins/indent_line.lua , size = 0.212 KB
[20:10:28.547][info] [#0:script/workspace/loading.lua:101]: Preload file at: file:///home/arch/.config/nvim-java/lua/kickstart/plugins/neo-tree.lua , size = 0.550 KB
[20:10:28.547][info] [#0:script/workspace/loading.lua:101]: Preload file at: file:///home/arch/.config/nvim-java/lua/kickstart/plugins/lint.lua , size = 1.860 KB
[20:10:28.548][info] [#0:script/workspace/loading.lua:101]: Preload file at: file:///home/arch/.config/nvim-java/lua/kickstart/plugins/debug.lua , size = 3.384 KB
[20:10:28.549][info] [#0:script/workspace/loading.lua:101]: Preload file at: file:///home/arch/.config/nvim-java/lua/custom/plugins/init.lua , size = 0.205 KB
[20:10:28.549][info] [#0:script/workspace/loading.lua:101]: Preload file at: file:///home/arch/.config/nvim-java/lua/kickstart/plugins/autopairs.lua , size = 0.486 KB
[20:10:28.650][info] [#0:script/workspace/loading.lua:173]: Loaded files takes [0.044] sec: file:///home/arch/.config/nvim-java
[20:10:28.650][info] [#0:script/workspace/loading.lua:182]: Compile files takes [0.000] sec: file:///home/arch/.config/nvim-java
[20:10:28.650][info] [#0:script/workspace/loading.lua:183]: Loaded finish:	file:///home/arch/.config/nvim-java
[20:10:28.650][info] [#0:script/workspace/workspace.lua:381]: Preload finish at:	file:///home/arch/.config/nvim-java
[20:10:28.669][info] [#0:script/provider/diagnostic.lua:560]: Diagnostics scope [file:///home/arch/.config/nvim-java], files count:[20]
[20:10:29.015][info] [#0:script/provider/diagnostic.lua:577]: Diagnostics scope [file:///home/arch/.config/nvim-java] finished, takes [0.144] sec.
[20:20:27.783][info] [#0:script/service/service.lua:145]: 
========= Medical Examination Report =========
    --------------- Memory ---------------
        Total: 9.332 MB
        # 00 : 9.015 MB
        # 01 : 0.104 MB
        # 02 : 0.053 MB
        # 03 : 0.107 MB
        # 04 : 0.053 MB
    --------------- Coroutine ---------------
        Total:     22
        Running:   0
        Suspended: 0
        Normal:    0
        Dead:      22
    --------------- Cache ---------------
        Total: 1
        Dead:  0
    ---------------  RPC  ---------------
        Holdon:   0
        Waiting:  0
==============================================
[20:30:27.798][info] [#0:script/service/service.lua:145]: 
========= Medical Examination Report =========
    --------------- Memory ---------------
        Total: 10.146 MB
        # 00 : 9.829 MB
        # 01 : 0.104 MB
        # 02 : 0.053 MB
        # 03 : 0.107 MB
        # 04 : 0.053 MB
    --------------- Coroutine ---------------
        Total:     22
        Running:   0
        Suspended: 0
        Normal:    0
        Dead:      22
    --------------- Cache ---------------
        Total: 1
        Dead:  0
    ---------------  RPC  ---------------
        Holdon:   0
        Waiting:  0
==============================================
[20:40:27.871][info] [#0:script/service/service.lua:145]: 
========= Medical Examination Report =========
    --------------- Memory ---------------
        Total: 10.960 MB
        # 00 : 10.643 MB
        # 01 : 0.104 MB
        # 02 : 0.053 MB
        # 03 : 0.107 MB
        # 04 : 0.053 MB
    --------------- Coroutine ---------------
        Total:     22
        Running:   0
        Suspended: 0
        Normal:    0
        Dead:      22
    --------------- Cache ---------------
        Total: 1
        Dead:  0
    ---------------  RPC  ---------------
        Holdon:   0
        Waiting:  0
==============================================
[20:50:27.947][info] [#0:script/service/service.lua:145]: 
========= Medical Examination Report =========
    --------------- Memory ---------------
        Total: 11.772 MB
        # 00 : 11.455 MB
        # 01 : 0.104 MB
        # 02 : 0.053 MB
        # 03 : 0.107 MB
        # 04 : 0.053 MB
    --------------- Coroutine ---------------
        Total:     22
        Running:   0
        Suspended: 0
        Normal:    0
        Dead:      22
    --------------- Cache ---------------
        Total: 1
        Dead:  0
    ---------------  RPC  ---------------
        Holdon:   0
        Waiting:  0
==============================================
[21:00:28.020][info] [#0:script/service/service.lua:145]: 
========= Medical Examination Report =========
    --------------- Memory ---------------
        Total: 12.720 MB
        # 00 : 12.403 MB
        # 01 : 0.104 MB
        # 02 : 0.053 MB
        # 03 : 0.107 MB
        # 04 : 0.053 MB
    --------------- Coroutine ---------------
        Total:     28
        Running:   0
        Suspended: 0
        Normal:    0
        Dead:      28
    --------------- Cache ---------------
        Total: 1
        Dead:  0
    ---------------  RPC  ---------------
        Holdon:   0
        Waiting:  0
==============================================
[21:09:38.688][info] [#0:script/provider/provider.lua:169]: Server shutdown.
[21:09:38.789][info] [#0:script/provider/provider.lua:162]: Server exited.
