[17:10:38.778][info] [#0:/home/arch/.local/share/nvim/mason/packages/lua-language-server/libexec/main.lua:68]: Lua Lsp startup, root: 	/home/arch/.local/share/nvim/mason/packages/lua-language-server/libexec
[17:10:38.778][info] [#0:/home/arch/.local/share/nvim/mason/packages/lua-language-server/libexec/main.lua:69]: ROOT:	/home/arch/.local/share/nvim/mason/packages/lua-language-server/libexec
[17:10:38.778][info] [#0:/home/arch/.local/share/nvim/mason/packages/lua-language-server/libexec/main.lua:70]: LOGPATH:	/home/arch/.local/share/nvim/mason/packages/lua-language-server/libexec/log
[17:10:38.778][info] [#0:/home/arch/.local/share/nvim/mason/packages/lua-language-server/libexec/main.lua:71]: METAPATH:	/home/arch/.local/share/nvim/mason/packages/lua-language-server/libexec/meta
[17:10:38.779][info] [#0:/home/arch/.local/share/nvim/mason/packages/lua-language-server/libexec/main.lua:72]: VERSION:	3.9.3
[17:10:38.835][info] [#0:script/proto/proto.lua:234]: Listen Mode: stdio
[17:10:38.835][info] [#0:script/service/service.lua:145]: 
========= Medical Examination Report =========
    --------------- Memory ---------------
        Total: 1.392 MB
        # 00 : 1.392 MB
        # 01 : 0.000 MB
        # 02 : 0.000 MB
        # 03 : 0.000 MB
        # 04 : 0.000 MB
    --------------- Coroutine ---------------
        Total:     0
        Running:   0
        Suspended: 0
        Normal:    0
        Dead:      0
    --------------- Cache ---------------
        Total: 1
        Dead:  0
    ---------------  RPC  ---------------
        Holdon:   0
        Waiting:  0
==============================================
[17:10:38.844][info] [#0:script/client.lua:657]: Client init	{
  capabilities = {
    general = {
      positionEncodings = { "utf-16" }
    },
    textDocument = {
      callHierarchy = {
        dynamicRegistration = false
      },
      codeAction = {
        codeActionLiteralSupport = {
          codeActionKind = {
            valueSet = { "", "quickfix", "refactor", "refactor.extract", "refactor.inline", "refactor.rewrite", "source", "source.organizeImports" }
          }
        },
        dataSupport = true,
        dynamicRegistration = true,
        isPreferredSupport = true,
        resolveSupport = {
          properties = { "edit" }
        }
      },
      completion = {
        completionItem = {
          commitCharactersSupport = true,
          deprecatedSupport = true,
          documentationFormat = { "markdown", "plaintext" },
          insertReplaceSupport = true,
          insertTextModeSupport = {
            valueSet = { 1, 2 }
          },
          labelDetailsSupport = true,
          preselectSupport = true,
          resolveSupport = {
            properties = { "documentation", "detail", "additionalTextEdits", "sortText", "filterText", "insertText", "textEdit", "insertTextFormat", "insertTextMode" }
          },
          snippetSupport = true,
          tagSupport = {
            valueSet = { 1 }
          }
        },
        completionItemKind = {
          valueSet = { 1, 2, 3, 4, 5, 6, 7, 8, 9, 10, 11, 12, 13, 14, 15, 16, 17, 18, 19, 20, 21, 22, 23, 24, 25 }
        },
        completionList = {
          itemDefaults = { "commitCharacters", "editRange", "insertTextFormat", "insertTextMode", "data" }
        },
        contextSupport = true,
        dynamicRegistration = false,
        insertTextMode = 1
      },
      declaration = {
        linkSupport = true
      },
      definition = {
        dynamicRegistration = true,
        linkSupport = true
      },
      diagnostic = {
        dynamicRegistration = false
      },
      documentHighlight = {
        dynamicRegistration = false
      },
      documentSymbol = {
        dynamicRegistration = false,
        hierarchicalDocumentSymbolSupport = true,
        symbolKind = {
          valueSet = { 1, 2, 3, 4, 5, 6, 7, 8, 9, 10, 11, 12, 13, 14, 15, 16, 17, 18, 19, 20, 21, 22, 23, 24, 25, 26 }
        }
      },
      formatting = {
        dynamicRegistration = true
      },
      hover = {
        contentFormat = { "markdown", "plaintext" },
        dynamicRegistration = true
      },
      implementation = {
        linkSupport = true
      },
      inlayHint = {
        dynamicRegistration = true,
        resolveSupport = {
          properties = { "textEdits", "tooltip", "location", "command" }
        }
      },
      publishDiagnostics = {
        dataSupport = true,
        relatedInformation = true,
        tagSupport = {
          valueSet = { 1, 2 }
        }
      },
      rangeFormatting = {
        dynamicRegistration = true
      },
      references = {
        dynamicRegistration = false
      },
      rename = {
        dynamicRegistration = true,
        prepareSupport = true
      },
      semanticTokens = {
        augmentsSyntaxTokens = true,
        dynamicRegistration = false,
        formats = { "relative" },
        multilineTokenSupport = false,
        overlappingTokenSupport = true,
        requests = {
          full = {
            delta = true
          },
          range = false
        },
        serverCancelSupport = false,
        tokenModifiers = { "declaration", "definition", "readonly", "static", "deprecated", "abstract", "async", "modification", "documentation", "defaultLibrary" },
        tokenTypes = { "namespace", "type", "class", "enum", "interface", "struct", "typeParameter", "parameter", "variable", "property", "enumMember", "event", "function", "method", "macro", "keyword", "modifier", "comment", "string", "number", "regexp", "operator", "decorator" }
      },
      signatureHelp = {
        dynamicRegistration = false,
        signatureInformation = {
          activeParameterSupport = true,
          documentationFormat = { "markdown", "plaintext" },
          parameterInformation = {
            labelOffsetSupport = true
          }
        }
      },
      synchronization = {
        didSave = true,
        dynamicRegistration = false,
        willSave = true,
        willSaveWaitUntil = true
      },
      typeDefinition = {
        linkSupport = true
      }
    },
    window = {
      showDocument = {
        support = true
      },
      showMessage = {
        messageActionItem = {
          additionalPropertiesSupport = false
        }
      },
      workDoneProgress = true
    },
    workspace = {
      applyEdit = true,
      configuration = true,
      didChangeConfiguration = {
        dynamicRegistration = false
      },
      didChangeWatchedFiles = {
        dynamicRegistration = false,
        relativePatternSupport = true
      },
      inlayHint = {
        refreshSupport = true
      },
      semanticTokens = {
        refreshSupport = true
      },
      symbol = {
        dynamicRegistration = false,
        symbolKind = {
          valueSet = { 1, 2, 3, 4, 5, 6, 7, 8, 9, 10, 11, 12, 13, 14, 15, 16, 17, 18, 19, 20, 21, 22, 23, 24, 25, 26 }
        }
      },
      workspaceEdit = {
        resourceOperations = { "rename", "create", "delete" }
      },
      workspaceFolders = true
    }
  },
  clientInfo = {
    name = "Neovim",
    version = "0.10.0-dev+v0.10.0"
  },
  initializationOptions = {},
  processId = 16662,
  rootPath = "/home/arch/.local/share/nvim/lazy/springboot-nvim",
  rootUri = "file:///home/arch/.local/share/nvim/lazy/springboot-nvim",
  trace = "off",
  workDoneToken = "1",
  workspaceFolders = { {
      name = "/home/arch/.local/share/nvim/lazy/springboot-nvim",
      uri = "file:///home/arch/.local/share/nvim/lazy/springboot-nvim"
    } }
}
[17:10:38.844][info] [#0:script/language.lua:137]: VSC language: nil
[17:10:38.844][info] [#0:script/language.lua:138]: LS  language: en-us
[17:10:38.844][info] [#0:script/workspace/workspace.lua:38]: Workspace init root: 	file:///home/arch/.local/share/nvim/lazy/springboot-nvim
[17:10:38.844][info] [#0:script/workspace/workspace.lua:42]: Log path: 	/home/arch/.local/share/nvim/mason/packages/lua-language-server/libexec/log/file_home_arch_.local_share_nvim_lazy_springboot-nvim.log
[17:10:38.845][info] [#0:script/workspace/workspace.lua:48]: Workspace create: 	file:///home/arch/.local/share/nvim/lazy/springboot-nvim
[17:10:39.049][warn] [#0:script/config/loader.lua:116]: No config?	{}
[17:10:39.151][warn] [#0:script/config/loader.lua:116]: No config?	{}
[17:10:39.151][info] [#0:script/provider/provider.lua:61]: Load config from client	fallback
[17:10:39.151][info] [#0:script/provider/provider.lua:62]: nil
[17:10:39.275][info] [#0:script/library.lua:212]: Init builtin library at:	file:///home/arch/.local/share/nvim/lazy/springboot-nvim
[17:10:39.301][info] [#0:script/library.lua:212]: Init builtin library at:	nil
[17:10:39.423][info] [#0:script/workspace/workspace.lua:324]: Preload start:	file:///home/arch/.local/share/nvim/lazy/springboot-nvim
[17:10:39.437][info] [#0:script/workspace/workspace.lua:330]: Scan files at:	file:///home/arch/.local/share/nvim/lazy/springboot-nvim
[17:10:39.438][info] [#0:script/workspace/workspace.lua:324]: Preload start:	<fallback>
[17:10:39.442][info] [#0:script/workspace/workspace.lua:353]: Scan library at:	file:///home/arch/.local/share/nvim/mason/packages/lua-language-server/libexec/meta/Lua%205.4%20en-us%20utf8/os.lua
[17:10:39.443][info] [#0:script/workspace/workspace.lua:353]: Scan library at:	file:///home/arch/.local/share/nvim/mason/packages/lua-language-server/libexec/meta/Lua%205.4%20en-us%20utf8/string.lua
[17:10:39.443][info] [#0:script/workspace/workspace.lua:353]: Scan library at:	file:///home/arch/.local/share/nvim/mason/packages/lua-language-server/libexec/meta/Lua%205.4%20en-us%20utf8/math.lua
[17:10:39.444][info] [#0:script/workspace/workspace.lua:353]: Scan library at:	file:///home/arch/.local/share/nvim/mason/packages/lua-language-server/libexec/meta/Lua%205.4%20en-us%20utf8/table.lua
[17:10:39.444][info] [#0:script/workspace/workspace.lua:353]: Scan library at:	file:///home/arch/.local/share/nvim/mason/packages/lua-language-server/libexec/meta/Lua%205.4%20en-us%20utf8/package.lua
[17:10:39.445][info] [#0:script/workspace/workspace.lua:353]: Scan library at:	file:///home/arch/.local/share/nvim/mason/packages/lua-language-server/libexec/meta/Lua%205.4%20en-us%20utf8/io.lua
[17:10:39.445][info] [#0:script/workspace/workspace.lua:353]: Scan library at:	file:///home/arch/.local/share/nvim/mason/packages/lua-language-server/libexec/meta/Lua%205.4%20en-us%20utf8/os.lua
[17:10:39.445][info] [#0:script/workspace/workspace.lua:353]: Scan library at:	file:///home/arch/.local/share/nvim/mason/packages/lua-language-server/libexec/meta/Lua%205.4%20en-us%20utf8/utf8.lua
[17:10:39.446][info] [#0:script/workspace/workspace.lua:353]: Scan library at:	file:///home/arch/.local/share/nvim/mason/packages/lua-language-server/libexec/meta/Lua%205.4%20en-us%20utf8/string.lua
[17:10:39.446][info] [#0:script/workspace/workspace.lua:353]: Scan library at:	file:///home/arch/.local/share/nvim/mason/packages/lua-language-server/libexec/meta/Lua%205.4%20en-us%20utf8/basic.lua
[17:10:39.446][info] [#0:script/workspace/workspace.lua:353]: Scan library at:	file:///home/arch/.local/share/nvim/mason/packages/lua-language-server/libexec/meta/Lua%205.4%20en-us%20utf8/math.lua
[17:10:39.447][info] [#0:script/workspace/workspace.lua:353]: Scan library at:	file:///home/arch/.local/share/nvim/mason/packages/lua-language-server/libexec/meta/Lua%205.4%20en-us%20utf8/coroutine.lua
[17:10:39.447][info] [#0:script/workspace/workspace.lua:353]: Scan library at:	file:///home/arch/.local/share/nvim/mason/packages/lua-language-server/libexec/meta/Lua%205.4%20en-us%20utf8/table.lua
[17:10:39.447][info] [#0:script/workspace/workspace.lua:353]: Scan library at:	file:///home/arch/.local/share/nvim/mason/packages/lua-language-server/libexec/meta/Lua%205.4%20en-us%20utf8/debug.lua
[17:10:39.447][info] [#0:script/workspace/workspace.lua:353]: Scan library at:	file:///home/arch/.local/share/nvim/mason/packages/lua-language-server/libexec/meta/Lua%205.4%20en-us%20utf8/package.lua
[17:10:39.448][info] [#0:script/workspace/workspace.lua:353]: Scan library at:	file:///home/arch/.local/share/nvim/mason/packages/lua-language-server/libexec/meta/Lua%205.4%20en-us%20utf8/builtin.lua
[17:10:39.448][info] [#0:script/workspace/workspace.lua:353]: Scan library at:	file:///home/arch/.local/share/nvim/mason/packages/lua-language-server/libexec/meta/Lua%205.4%20en-us%20utf8/io.lua
[17:10:39.448][info] [#0:script/workspace/workspace.lua:353]: Scan library at:	file:///home/arch/.local/share/nvim/mason/packages/lua-language-server/libexec/meta/Lua%205.4%20en-us%20utf8/utf8.lua
[17:10:39.449][info] [#0:script/workspace/workspace.lua:353]: Scan library at:	file:///home/arch/.local/share/nvim/mason/packages/lua-language-server/libexec/meta/Lua%205.4%20en-us%20utf8/basic.lua
[17:10:39.449][info] [#0:script/workspace/workspace.lua:353]: Scan library at:	file:///home/arch/.local/share/nvim/mason/packages/lua-language-server/libexec/meta/Lua%205.4%20en-us%20utf8/coroutine.lua
[17:10:39.449][info] [#0:script/workspace/workspace.lua:353]: Scan library at:	file:///home/arch/.local/share/nvim/mason/packages/lua-language-server/libexec/meta/Lua%205.4%20en-us%20utf8/debug.lua
[17:10:39.450][info] [#0:script/workspace/workspace.lua:353]: Scan library at:	file:///home/arch/.local/share/nvim/mason/packages/lua-language-server/libexec/meta/Lua%205.4%20en-us%20utf8/builtin.lua
[17:10:39.550][info] [#0:script/workspace/workspace.lua:379]: Found 11 files at:	<fallback>
[17:10:39.550][info] [#0:script/workspace/loading.lua:161]: Load files from disk:	<fallback>
[17:10:39.551][info] [#0:script/workspace/workspace.lua:379]: Found 16 files at:	file:///home/arch/.local/share/nvim/lazy/springboot-nvim
[17:10:39.551][info] [#0:script/workspace/loading.lua:161]: Load files from disk:	file:///home/arch/.local/share/nvim/lazy/springboot-nvim
[17:10:39.553][info] [#0:script/workspace/loading.lua:101]: Preload file at: file:///home/arch/.local/share/nvim/mason/packages/lua-language-server/libexec/meta/Lua%205.4%20en-us%20utf8/builtin.lua , size = 0.302 KB
[17:10:39.556][info] [#0:script/workspace/loading.lua:113]: ++++As library of:	file:///home/arch/.local/share/nvim/mason/packages/lua-language-server/libexec/meta/Lua%205.4%20en-us%20utf8/builtin.lua
[17:10:39.556][info] [#0:script/workspace/loading.lua:98]: Skip loaded file: file:///home/arch/.local/share/nvim/mason/packages/lua-language-server/libexec/meta/Lua%205.4%20en-us%20utf8/builtin.lua
[17:10:39.556][info] [#0:script/workspace/loading.lua:101]: Preload file at: file:///home/arch/.local/share/nvim/mason/packages/lua-language-server/libexec/meta/Lua%205.4%20en-us%20utf8/debug.lua , size = 7.637 KB
[17:10:39.568][info] [#0:script/workspace/loading.lua:113]: ++++As library of:	file:///home/arch/.local/share/nvim/mason/packages/lua-language-server/libexec/meta/Lua%205.4%20en-us%20utf8/debug.lua
[17:10:39.568][info] [#0:script/workspace/loading.lua:101]: Preload file at: file:///home/arch/.local/share/nvim/mason/packages/lua-language-server/libexec/meta/Lua%205.4%20en-us%20utf8/coroutine.lua , size = 2.590 KB
[17:10:39.575][info] [#0:script/workspace/loading.lua:113]: ++++As library of:	file:///home/arch/.local/share/nvim/mason/packages/lua-language-server/libexec/meta/Lua%205.4%20en-us%20utf8/coroutine.lua
[17:10:39.575][info] [#0:script/workspace/loading.lua:98]: Skip loaded file: file:///home/arch/.local/share/nvim/mason/packages/lua-language-server/libexec/meta/Lua%205.4%20en-us%20utf8/coroutine.lua
[17:10:39.575][info] [#0:script/workspace/loading.lua:98]: Skip loaded file: file:///home/arch/.local/share/nvim/mason/packages/lua-language-server/libexec/meta/Lua%205.4%20en-us%20utf8/debug.lua
[17:10:39.575][info] [#0:script/workspace/loading.lua:101]: Preload file at: file:///home/arch/.local/share/nvim/mason/packages/lua-language-server/libexec/meta/Lua%205.4%20en-us%20utf8/basic.lua , size = 15.619 KB
[17:10:39.591][info] [#0:script/workspace/loading.lua:113]: ++++As library of:	file:///home/arch/.local/share/nvim/mason/packages/lua-language-server/libexec/meta/Lua%205.4%20en-us%20utf8/basic.lua
[17:10:39.591][info] [#0:script/workspace/loading.lua:98]: Skip loaded file: file:///home/arch/.local/share/nvim/mason/packages/lua-language-server/libexec/meta/Lua%205.4%20en-us%20utf8/basic.lua
[17:10:39.591][info] [#0:script/workspace/loading.lua:101]: Preload file at: file:///home/arch/.local/share/nvim/mason/packages/lua-language-server/libexec/meta/Lua%205.4%20en-us%20utf8/utf8.lua , size = 2.386 KB
[17:10:39.594][info] [#0:script/workspace/loading.lua:113]: ++++As library of:	file:///home/arch/.local/share/nvim/mason/packages/lua-language-server/libexec/meta/Lua%205.4%20en-us%20utf8/utf8.lua
[17:10:39.594][info] [#0:script/workspace/loading.lua:98]: Skip loaded file: file:///home/arch/.local/share/nvim/mason/packages/lua-language-server/libexec/meta/Lua%205.4%20en-us%20utf8/utf8.lua
[17:10:39.594][info] [#0:script/workspace/loading.lua:101]: Preload file at: file:///home/arch/.local/share/nvim/mason/packages/lua-language-server/libexec/meta/Lua%205.4%20en-us%20utf8/io.lua , size = 6.364 KB
[17:10:39.605][info] [#0:script/workspace/loading.lua:113]: ++++As library of:	file:///home/arch/.local/share/nvim/mason/packages/lua-language-server/libexec/meta/Lua%205.4%20en-us%20utf8/io.lua
[17:10:39.605][info] [#0:script/workspace/loading.lua:98]: Skip loaded file: file:///home/arch/.local/share/nvim/mason/packages/lua-language-server/libexec/meta/Lua%205.4%20en-us%20utf8/io.lua
[17:10:39.606][info] [#0:script/workspace/loading.lua:101]: Preload file at: file:///home/arch/.local/share/nvim/mason/packages/lua-language-server/libexec/meta/Lua%205.4%20en-us%20utf8/package.lua , size = 2.944 KB
[17:10:39.609][info] [#0:script/workspace/loading.lua:113]: ++++As library of:	file:///home/arch/.local/share/nvim/mason/packages/lua-language-server/libexec/meta/Lua%205.4%20en-us%20utf8/package.lua
[17:10:39.609][info] [#0:script/workspace/loading.lua:98]: Skip loaded file: file:///home/arch/.local/share/nvim/mason/packages/lua-language-server/libexec/meta/Lua%205.4%20en-us%20utf8/package.lua
[17:10:39.609][info] [#0:script/workspace/loading.lua:101]: Preload file at: file:///home/arch/.local/share/nvim/mason/packages/lua-language-server/libexec/meta/Lua%205.4%20en-us%20utf8/table.lua , size = 4.235 KB
[17:10:39.614][info] [#0:script/workspace/loading.lua:113]: ++++As library of:	file:///home/arch/.local/share/nvim/mason/packages/lua-language-server/libexec/meta/Lua%205.4%20en-us%20utf8/table.lua
[17:10:39.614][info] [#0:script/workspace/loading.lua:98]: Skip loaded file: file:///home/arch/.local/share/nvim/mason/packages/lua-language-server/libexec/meta/Lua%205.4%20en-us%20utf8/table.lua
[17:10:39.614][info] [#0:script/workspace/loading.lua:101]: Preload file at: file:///home/arch/.local/share/nvim/mason/packages/lua-language-server/libexec/meta/Lua%205.4%20en-us%20utf8/math.lua , size = 8.509 KB
[17:10:39.625][info] [#0:script/workspace/loading.lua:113]: ++++As library of:	file:///home/arch/.local/share/nvim/mason/packages/lua-language-server/libexec/meta/Lua%205.4%20en-us%20utf8/math.lua
[17:10:39.625][info] [#0:script/workspace/loading.lua:98]: Skip loaded file: file:///home/arch/.local/share/nvim/mason/packages/lua-language-server/libexec/meta/Lua%205.4%20en-us%20utf8/math.lua
[17:10:39.626][info] [#0:script/workspace/loading.lua:101]: Preload file at: file:///home/arch/.local/share/nvim/mason/packages/lua-language-server/libexec/meta/Lua%205.4%20en-us%20utf8/string.lua , size = 6.341 KB
[17:10:39.634][info] [#0:script/workspace/loading.lua:113]: ++++As library of:	file:///home/arch/.local/share/nvim/mason/packages/lua-language-server/libexec/meta/Lua%205.4%20en-us%20utf8/string.lua
[17:10:39.638][info] [#0:script/workspace/loading.lua:98]: Skip loaded file: file:///home/arch/.local/share/nvim/mason/packages/lua-language-server/libexec/meta/Lua%205.4%20en-us%20utf8/string.lua
[17:10:39.638][info] [#0:script/workspace/loading.lua:101]: Preload file at: file:///home/arch/.local/share/nvim/mason/packages/lua-language-server/libexec/meta/Lua%205.4%20en-us%20utf8/os.lua , size = 5.600 KB
[17:10:39.645][info] [#0:script/workspace/loading.lua:113]: ++++As library of:	file:///home/arch/.local/share/nvim/mason/packages/lua-language-server/libexec/meta/Lua%205.4%20en-us%20utf8/os.lua
[17:10:39.645][info] [#0:script/workspace/loading.lua:98]: Skip loaded file: file:///home/arch/.local/share/nvim/mason/packages/lua-language-server/libexec/meta/Lua%205.4%20en-us%20utf8/os.lua
[17:10:39.645][info] [#0:script/workspace/loading.lua:173]: Loaded files takes [0.099] sec: <fallback>
[17:10:39.645][info] [#0:script/workspace/loading.lua:182]: Compile files takes [0.000] sec: <fallback>
[17:10:39.645][info] [#0:script/workspace/loading.lua:183]: Loaded finish:	<fallback>
[17:10:39.645][info] [#0:script/workspace/workspace.lua:381]: Preload finish at:	<fallback>
[17:10:39.649][info] [#0:script/workspace/loading.lua:89]: Skip loaded file: file:///home/arch/.local/share/nvim/lazy/springboot-nvim/lua/springboot-nvim/init.lua
[17:10:39.650][info] [#0:script/workspace/loading.lua:101]: Preload file at: file:///home/arch/.local/share/nvim/lazy/springboot-nvim/lua/springboot-nvim/generateclass.lua , size = 5.659 KB
[17:10:39.656][info] [#0:script/workspace/loading.lua:101]: Preload file at: file:///home/arch/.local/share/nvim/lazy/springboot-nvim/lua/springboot-nvim/utils.lua , size = 3.826 KB
[17:10:39.762][info] [#0:script/workspace/loading.lua:101]: Preload file at: file:///home/arch/.local/share/nvim/lazy/springboot-nvim/lua/springboot-nvim/ui/ui_utils.lua , size = 3.462 KB
[17:10:39.767][info] [#0:script/workspace/loading.lua:101]: Preload file at: file:///home/arch/.local/share/nvim/lazy/springboot-nvim/lua/springboot-nvim/ui/springboot_nvim_ui.lua , size = 11.840 KB
[17:10:39.881][info] [#0:script/workspace/loading.lua:173]: Loaded files takes [0.135] sec: file:///home/arch/.local/share/nvim/lazy/springboot-nvim
[17:10:39.882][info] [#0:script/workspace/loading.lua:182]: Compile files takes [0.000] sec: file:///home/arch/.local/share/nvim/lazy/springboot-nvim
[17:10:39.882][info] [#0:script/workspace/loading.lua:183]: Loaded finish:	file:///home/arch/.local/share/nvim/lazy/springboot-nvim
[17:10:39.882][info] [#0:script/workspace/workspace.lua:381]: Preload finish at:	file:///home/arch/.local/share/nvim/lazy/springboot-nvim
[17:10:39.898][info] [#0:script/provider/diagnostic.lua:560]: Diagnostics scope [file:///home/arch/.local/share/nvim/lazy/springboot-nvim], files count:[16]
[17:10:40.235][info] [#0:script/provider/diagnostic.lua:577]: Diagnostics scope [file:///home/arch/.local/share/nvim/lazy/springboot-nvim] finished, takes [0.193] sec.
[17:20:38.880][info] [#0:script/service/service.lua:145]: 
========= Medical Examination Report =========
    --------------- Memory ---------------
        Total: 9.206 MB
        # 00 : 8.899 MB
        # 01 : 0.053 MB
        # 02 : 0.053 MB
        # 03 : 0.099 MB
        # 04 : 0.102 MB
    --------------- Coroutine ---------------
        Total:     16
        Running:   0
        Suspended: 0
        Normal:    0
        Dead:      16
    --------------- Cache ---------------
        Total: 1
        Dead:  0
    ---------------  RPC  ---------------
        Holdon:   0
        Waiting:  0
==============================================
[17:30:38.947][info] [#0:script/service/service.lua:145]: 
========= Medical Examination Report =========
    --------------- Memory ---------------
        Total: 10.117 MB
        # 00 : 9.809 MB
        # 01 : 0.053 MB
        # 02 : 0.053 MB
        # 03 : 0.099 MB
        # 04 : 0.102 MB
    --------------- Coroutine ---------------
        Total:     16
        Running:   0
        Suspended: 0
        Normal:    0
        Dead:      16
    --------------- Cache ---------------
        Total: 1
        Dead:  0
    ---------------  RPC  ---------------
        Holdon:   0
        Waiting:  0
==============================================
[17:35:17.201][info] [#0:script/provider/provider.lua:169]: Server shutdown.
[17:35:17.201][warn] [#0:script/pub/report.lua:25]: Load proto error:	Disconnected!
